Sending build context to Docker daemon  4.096kB
Step 1/6 : FROM dsouzd04/seurat:4.2.1
 ---> 478be710998a
Step 2/6 : RUN apt-get update && apt-get install -y --no-install-recommends build-essential python3.6 python3-pip python3-setuptools python3-dev     && cp /etc/apt/sources.list /etc/apt/sources.list~     && sed -Ei 's/^# deb-src /deb-src /' /etc/apt/sources.list     && apt-get update     && pip3 install pandas python-igraph networkx python-louvain leidenalg scikit-learn smfishHmrf
 ---> Using cache
 ---> 0f838b979fd4
Step 3/6 : RUN apt-get update &&   apt-get install --fix-missing -y   libmagick++-dev libgmp3-dev
 ---> Using cache
 ---> 7581e59e9663
Step 4/6 : RUN Rscript -e "install.packages('remotes')"     && installGithub.r RubD/Giotto     && rm -rf /tmp/downloaded_packages/
 ---> Using cache
 ---> f4c944554056
Step 5/6 : RUN R -e 'BiocManager::install(c("TENxVisiumData", "TabulaMurisSenisData"))'     && rm -rf /tmp/downloaded_packages/
 ---> Using cache
 ---> 88d2cbd6a204
Step 6/6 : RUN R -e 'BiocManager::install(c("scran", "scuttle"))'     && rm -rf /tmp/downloaded_packages/
 ---> Running in 35ee3d5ab238

R version 4.2.1 (2022-06-23) -- "Funny-Looking Kid"
Copyright (C) 2022 The R Foundation for Statistical Computing
Platform: x86_64-pc-linux-gnu (64-bit)

R is free software and comes with ABSOLUTELY NO WARRANTY.
You are welcome to redistribute it under certain conditions.
Type 'license()' or 'licence()' for distribution details.

  Natural language support but running in an English locale

R is a collaborative project with many contributors.
Type 'contributors()' for more information and
'citation()' on how to cite R or R packages in publications.

Type 'demo()' for some demos, 'help()' for on-line help, or
'help.start()' for an HTML browser interface to help.
Type 'q()' to quit R.

> BiocManager::install(c("scran", "scuttle"))
[91mBioconductor version 3.15 (BiocManager 1.30.19), R 4.2.1 (2022-06-23)
[0m[91mInstalling package(s) 'scran'
[0m[91malso installing the dependencies ‘RcppHNSW’, ‘ScaledMatrix’, ‘rsvd’, ‘BiocNeighbors’, ‘statmod’, ‘BiocSingular’, ‘bluster’, ‘metapod’

[0m[91mtrying URL 'https://cloud.r-project.org/src/contrib/RcppHNSW_0.4.1.tar.gz'
[0m[91mContent type 'application/x-gzip' length 27678 bytes (27 KB)
=================[0m[91m====================[0m[91m========[0m[91m=====[0m[91m
downloaded 27 KB

[0m[91mtrying URL 'https://bioconductor.org/packages/3.15/bioc/src/contrib/ScaledMatrix_1.4.1.tar.gz'
[0m[91mContent type 'application/x-gzip' length 298070 bytes (291 KB)
[0m[91m==[0m[91m===[0m[91m===[0m[91m==[0m[91m===[0m[91m===[0m[91m=[0m[91m===[0m[91m==[0m[91m==[0m[91m===[0m[91m==[0m[91m=[0m[91m==[0m[91m===[0m[91m===[0m[91m===[0m[91m==[0m[91m===[0m[91m===[0m[91m=
downloaded 291 KB

[0m[91mtrying URL 'https://cloud.r-project.org/src/contrib/rsvd_1.0.5.tar.gz'
[0m[91mContent type 'application/x-gzip'[0m[91m length 3458090 bytes (3.3 MB)
[0m[91m=[0m[91m=[0m[91m=[0m[91m=[0m[91m=[0m[91m=[0m[91m=[0m[91m=[0m[91m=[0m[91m=[0m[91m=[0m[91m=[0m[91m=[0m[91m=[0m[91m=[0m[91m=[0m[91m=[0m[91m=[0m[91m=[0m[91m=[0m[91m=[0m[91m=[0m[91m=[0m[91m=[0m[91m=[0m[91m=[0m[91m=[0m[91m=[0m[91m=[0m[91m=[0m[91m=[0m[91m=[0m[91m=[0m[91m=[0m[91m=[0m[91m=[0m[91m=[0m[91m=[0m[91m=[0m[91m=[0m[91m=[0m[91m=[0m[91m==[0m[91m=[0m[91m=[0m[91m=[0m[91m=[0m[91m==
downloaded 3.3 MB

[0m[91mtrying URL 'https://bioconductor.org/packages/3.15/bioc/src/contrib/BiocNeighbors_1.14.0.tar.gz'
[0m[91mContent type 'application/x-gzip' length 937190 bytes (915 KB)
[0m[91m==[0m[91m==[0m[91m=[0m[91m=[0m[91m=[0m[91m=[0m[91m==[0m[91m=[0m[91m=[0m[91m=[0m[91m=[0m[91m=[0m[91m=[0m[91m=[0m[91m=[0m[91m=[0m[91m=[0m[91m==[0m[91m==[0m[91m=[0m[91m=[0m[91m=[0m[91m=[0m[91m=[0m[91m=[0m[91m=[0m[91m=[0m[91m=[0m[91m=[0m[91m=[0m[91m=[0m[91m=[0m[91m=[0m[91m=[0m[91m=[0m[91m=[0m[91m=[0m[91m=[0m[91m=[0m[91m=[0m[91m=[0m[91m=[0m[91m=[0m[91m==
downloaded 915 KB

[0m[91mtrying URL 'https://cloud.r-project.org/src/contrib/statmod_1.4.37.tar.gz'
[0m[91mContent type 'application/x-gzip' length 62456 bytes (60 KB)
============[0m[91m=============[0m[91m=============[0m[91m============
downloaded 60 KB

[0m[91mtrying URL 'https://bioconductor.org/packages/3.15/bioc/src/contrib/BiocSingular_1.12.0.tar.gz'
[0m[91mContent type 'application/x-gzip' length 583694 bytes (570 KB)
[0m[91m=[0m[91m=[0m[91m==[0m[91m=[0m[91m==[0m[91m=[0m[91m=[0m[91m==[0m[91m=[0m[91m===[0m[91m=[0m[91m==[0m[91m=[0m[91m=[0m[91m==[0m[91m=[0m[91m==[0m[91m==[0m[91m==[0m[91m===[0m[91m===[0m[91m=[0m[91m===[0m[91m===[0m[91m==[0m[91m===[0m[91m==[0m[91m=
downloaded 570 KB

[0m[91mtrying URL 'https://bioconductor.org/packages/3.15/bioc/src/contrib/bluster_1.6.0.tar.gz'
[0m[91mContent type 'application/x-gzip' length 3002799 bytes (2.9 MB)
[0m[91m=[0m[91m=[0m[91m=[0m[91m=[0m[91m=[0m[91m=[0m[91m=[0m[91m=[0m[91m=[0m[91m=[0m[91m=[0m[91m=[0m[91m=[0m[91m=[0m[91m=[0m[91m=[0m[91m=[0m[91m=[0m[91m=[0m[91m=[0m[91m=[0m[91m=[0m[91m=[0m[91m=[0m[91m=[0m[91m=[0m[91m=[0m[91m=[0m[91m=[0m[91m=[0m[91m=[0m[91m=[0m[91m=[0m[91m=[0m[91m=[0m[91m=[0m[91m=[0m[91m=[0m[91m=[0m[91m=[0m[91m=[0m[91m=[0m[91m=[0m[91m=[0m[91m=[0m[91m=[0m[91m=[0m[91m=[0m[91m=[0m[91m=
downloaded 2.9 MB

[0m[91mtrying URL 'https://bioconductor.org/packages/3.15/bioc/src/contrib/metapod_1.4.0.tar.gz'
[0m[91mContent type 'application/x-gzip' length 316503 bytes (309 KB)
[0m[91m==[0m[91m===[0m[91m==[0m[91m===[0m[91m===[0m[91m==[0m[91m===[0m[91m==[0m[91m===[0m[91m=====[0m[91m===[0m[91m==[0m[91m===[0m[91m==[0m[91m===[0m[91m===[0m[91m=====[0m[91m=
downloaded 309 KB

[0m[91mtrying URL 'https://bioconductor.org/packages/3.15/bioc/src/contrib/scran_1.24.1.tar.gz'
[0m[91mContent type 'application/x-gzip' length 1779987 bytes (1.7 MB)
[0m[91m=[0m[91m=[0m[91m=[0m[91m=[0m[91m=[0m[91m=[0m[91m=[0m[91m=[0m[91m=[0m[91m=[0m[91m=[0m[91m=[0m[91m=[0m[91m=[0m[91m=[0m[91m=[0m[91m=[0m[91m=[0m[91m=[0m[91m=[0m[91m=[0m[91m=[0m[91m=[0m[91m=[0m[91m=[0m[91m=[0m[91m=[0m[91m=[0m[91m=[0m[91m=[0m[91m=[0m[91m=[0m[91m=[0m[91m=[0m[91m=[0m[91m=[0m[91m=[0m[91m=[0m[91m=[0m[91m=[0m[91m=[0m[91m=[0m[91m=[0m[91m=[0m[91m=[0m[91m=[0m[91m=[0m[91m=[0m[91m=[0m[91m=
downloaded 1.7 MB

[0m[91m* installing *source* package ‘RcppHNSW’ ...
[0m[91m** package ‘RcppHNSW’ successfully unpacked and MD5 sums checked
[0m[91m** using staged installation
[0m[91m** libs
[0mg++ -std=gnu++11 -I"/usr/local/lib/R/include" -DNDEBUG -I../inst/include/ -I'/usr/local/lib/R/site-library/Rcpp/include' -I/usr/local/include  -DNO_MANUAL_VECTORIZATION -DSTRICT_R_HEADERS -fpic  -g -O2 -fstack-protector-strong -Wformat -Werror=format-security -Wdate-time -D_FORTIFY_SOURCE=2 -g  -c RcppExports.cpp -o RcppExports.o
g++ -std=gnu++11 -I"/usr/local/lib/R/include" -DNDEBUG -I../inst/include/ -I'/usr/local/lib/R/site-library/Rcpp/include' -I/usr/local/include  -DNO_MANUAL_VECTORIZATION -DSTRICT_R_HEADERS -fpic  -g -O2 -fstack-protector-strong -Wformat -Werror=format-security -Wdate-time -D_FORTIFY_SOURCE=2 -g  -c hnsw.cpp -o hnsw.o
g++ -std=gnu++11 -shared -L/usr/local/lib/R/lib -L/usr/local/lib -o RcppHNSW.so RcppExports.o hnsw.o -L/usr/local/lib/R/lib -lR
[91minstalling to /usr/local/lib/R/site-library/00LOCK-RcppHNSW/00new/RcppHNSW/libs
[0m[91m** R
[0m[91m** inst
[0m[91m** byte-compile and prepare package for lazy loading
[0m[91m** help
[0m[91m*** installing help indices
[0m[91m** building package indices
[0m[91m** testing if installed package can be loaded from temporary location
[0m[91m** checking absolute paths in shared objects and dynamic libraries
[0m[91m** testing if installed package can be loaded from final location
[0m[91m** testing if installed package keeps a record of temporary installation path
[0m[91m* DONE (RcppHNSW)
[0m[91m* installing *source* package ‘ScaledMatrix’ ...
[0m[91m** using staged installation
[0m[91m** R
[0m[91m** inst
[0m[91m** byte-compile and prepare package for lazy loading
[0mWarning: multiple methods tables found for ‘aperm’
[91m** help
[0m[91m*** installing help indices
[0m[91m** building package indices
[0m[91m** installing vignettes
[0m[91m** testing if installed package can be loaded from temporary location
[0mWarning: multiple methods tables found for ‘aperm’
[91m** testing if installed package can be loaded from final location
[0mWarning: multiple methods tables found for ‘aperm’
[91m** testing if installed package keeps a record of temporary installation path
[0m[91m* DONE (ScaledMatrix)
[0m[91m* installing *source* package ‘rsvd’ ...
[0m[91m** package ‘rsvd’ successfully unpacked and MD5 sums checked
[0m[91m** using staged installation
[0m[91m** R
[0m[91m** data
[0m[91m*** moving datasets to lazyload DB
[0m[91m** inst
[0m[91m** byte-compile and prepare package for lazy loading
[0m[91m** help
[0m[91m*** installing help indices
[0m[91m** building package indices
[0m[91m** testing if installed package can be loaded from temporary location
[0m[91m** testing if installed package can be loaded from final location
[0m[91m** testing if installed package keeps a record of temporary installation path
[0m[91m* DONE (rsvd)
[0m[91m* installing *source* package ‘statmod’ ...
[0m[91m** package ‘statmod’ successfully unpacked and MD5 sums checked
[0m[91m** using staged installation
[0m[91m** libs
[0mgfortran -fno-optimize-sibling-calls  -fpic  -g -O2  -c gaussq2.f -o gaussq2.o
gcc -I"/usr/local/lib/R/include" -DNDEBUG   -I/usr/local/include   -fpic  -g -O2 -fstack-protector-strong -Wformat -Werror=format-security -Wdate-time -D_FORTIFY_SOURCE=2 -g  -c init.c -o init.o
gcc -shared -L/usr/local/lib/R/lib -L/usr/local/lib -o statmod.so gaussq2.o init.o -lgfortran -lm -lquadmath -L/usr/local/lib/R/lib -lR
[91minstalling to /usr/local/lib/R/site-library/00LOCK-statmod/00new/statmod/libs
[0m[91m** R
[0m[91m** data
[0m[91m** inst
[0m[91m** byte-compile and prepare package for lazy loading
[0m[91m** help
[0m[91m*** installing help indices
[0m[91m** building package indices
[0m[91m** testing if installed package can be loaded from temporary location
[0m[91m** checking absolute paths in shared objects and dynamic libraries
[0m[91m** testing if installed package can be loaded from final location
[0m[91m** testing if installed package keeps a record of temporary installation path
[0m[91m* DONE (statmod)
[0m[91m* installing *source* package ‘metapod’ ...
[0m[91m** using staged installation
[0m[91m** libs
[0mg++ -std=gnu++11 -I"/usr/local/lib/R/include" -DNDEBUG  -I'/usr/local/lib/R/site-library/Rcpp/include' -I/usr/local/include   -fpic  -g -O2 -fstack-protector-strong -Wformat -Werror=format-security -Wdate-time -D_FORTIFY_SOURCE=2 -g  -c RcppExports.cpp -o RcppExports.o
g++ -std=gnu++11 -I"/usr/local/lib/R/include" -DNDEBUG  -I'/usr/local/lib/R/site-library/Rcpp/include' -I/usr/local/include   -fpic  -g -O2 -fstack-protector-strong -Wformat -Werror=format-security -Wdate-time -D_FORTIFY_SOURCE=2 -g  -c combine_group.cpp -o combine_group.o
g++ -std=gnu++11 -I"/usr/local/lib/R/include" -DNDEBUG  -I'/usr/local/lib/R/site-library/Rcpp/include' -I/usr/local/include   -fpic  -g -O2 -fstack-protector-strong -Wformat -Werror=format-security -Wdate-time -D_FORTIFY_SOURCE=2 -g  -c combine_parallel.cpp -o combine_parallel.o
g++ -std=gnu++11 -I"/usr/local/lib/R/include" -DNDEBUG  -I'/usr/local/lib/R/site-library/Rcpp/include' -I/usr/local/include   -fpic  -g -O2 -fstack-protector-strong -Wformat -Werror=format-security -Wdate-time -D_FORTIFY_SOURCE=2 -g  -c count_direction.cpp -o count_direction.o
g++ -std=gnu++11 -I"/usr/local/lib/R/include" -DNDEBUG  -I'/usr/local/lib/R/site-library/Rcpp/include' -I/usr/local/include   -fpic  -g -O2 -fstack-protector-strong -Wformat -Werror=format-security -Wdate-time -D_FORTIFY_SOURCE=2 -g  -c summarize_direction.cpp -o summarize_direction.o
g++ -std=gnu++11 -shared -L/usr/local/lib/R/lib -L/usr/local/lib -o metapod.so RcppExports.o combine_group.o combine_parallel.o count_direction.o summarize_direction.o -L/usr/local/lib/R/lib -lR
[91minstalling to /usr/local/lib/R/site-library/00LOCK-metapod/00new/metapod/libs
[0m[91m** R
[0m[91m** inst
[0m[91m** byte-compile and prepare package for lazy loading
[0m[91m** help
[0m[91m*** installing help indices
[0m[91m** building package indices
[0m[91m** installing vignettes
[0m[91m** testing if installed package can be loaded from temporary location
[0m[91m** checking absolute paths in shared objects and dynamic libraries
[0m[91m** testing if installed package can be loaded from final location
[0m[91m** testing if installed package keeps a record of temporary installation path
[0m[91m* DONE (metapod)
[0m[91m* installing *source* package ‘BiocNeighbors’ ...
[0m[91m** using staged installation
[0m[91m** libs
[0mg++ -std=gnu++11 -I"/usr/local/lib/R/include" -DNDEBUG -I../inst/include/ -I'/usr/local/lib/R/site-library/Rcpp/include' -I'/usr/local/lib/R/site-library/RcppHNSW/include' -I/usr/local/include   -fpic  -g -O2 -fstack-protector-strong -Wformat -Werror=format-security -Wdate-time -D_FORTIFY_SOURCE=2 -g  -c RcppExports.cpp -o RcppExports.o
g++ -std=gnu++11 -I"/usr/local/lib/R/include" -DNDEBUG -I../inst/include/ -I'/usr/local/lib/R/site-library/Rcpp/include' -I'/usr/local/lib/R/site-library/RcppHNSW/include' -I/usr/local/include   -fpic  -g -O2 -fstack-protector-strong -Wformat -Werror=format-security -Wdate-time -D_FORTIFY_SOURCE=2 -g  -c annoy.cpp -o annoy.o
g++ -std=gnu++11 -I"/usr/local/lib/R/include" -DNDEBUG -I../inst/include/ -I'/usr/local/lib/R/site-library/Rcpp/include' -I'/usr/local/lib/R/site-library/RcppHNSW/include' -I/usr/local/include   -fpic  -g -O2 -fstack-protector-strong -Wformat -Werror=format-security -Wdate-time -D_FORTIFY_SOURCE=2 -g  -c build_annoy.cpp -o build_annoy.o
g++ -std=gnu++11 -I"/usr/local/lib/R/include" -DNDEBUG -I../inst/include/ -I'/usr/local/lib/R/site-library/Rcpp/include' -I'/usr/local/lib/R/site-library/RcppHNSW/include' -I/usr/local/include   -fpic  -g -O2 -fstack-protector-strong -Wformat -Werror=format-security -Wdate-time -D_FORTIFY_SOURCE=2 -g  -c build_hnsw.cpp -o build_hnsw.o
g++ -std=gnu++11 -I"/usr/local/lib/R/include" -DNDEBUG -I../inst/include/ -I'/usr/local/lib/R/site-library/Rcpp/include' -I'/usr/local/lib/R/site-library/RcppHNSW/include' -I/usr/local/include   -fpic  -g -O2 -fstack-protector-strong -Wformat -Werror=format-security -Wdate-time -D_FORTIFY_SOURCE=2 -g  -c build_vptree.cpp -o build_vptree.o
g++ -std=gnu++11 -I"/usr/local/lib/R/include" -DNDEBUG -I../inst/include/ -I'/usr/local/lib/R/site-library/Rcpp/include' -I'/usr/local/lib/R/site-library/RcppHNSW/include' -I/usr/local/include   -fpic  -g -O2 -fstack-protector-strong -Wformat -Werror=format-security -Wdate-time -D_FORTIFY_SOURCE=2 -g  -c distances.cpp -o distances.o
g++ -std=gnu++11 -I"/usr/local/lib/R/include" -DNDEBUG -I../inst/include/ -I'/usr/local/lib/R/site-library/Rcpp/include' -I'/usr/local/lib/R/site-library/RcppHNSW/include' -I/usr/local/include   -fpic  -g -O2 -fstack-protector-strong -Wformat -Werror=format-security -Wdate-time -D_FORTIFY_SOURCE=2 -g  -c exhaustive.cpp -o exhaustive.o
g++ -std=gnu++11 -I"/usr/local/lib/R/include" -DNDEBUG -I../inst/include/ -I'/usr/local/lib/R/site-library/Rcpp/include' -I'/usr/local/lib/R/site-library/RcppHNSW/include' -I/usr/local/include   -fpic  -g -O2 -fstack-protector-strong -Wformat -Werror=format-security -Wdate-time -D_FORTIFY_SOURCE=2 -g  -c find_annoy.cpp -o find_annoy.o
g++ -std=gnu++11 -I"/usr/local/lib/R/include" -DNDEBUG -I../inst/include/ -I'/usr/local/lib/R/site-library/Rcpp/include' -I'/usr/local/lib/R/site-library/RcppHNSW/include' -I/usr/local/include   -fpic  -g -O2 -fstack-protector-strong -Wformat -Werror=format-security -Wdate-time -D_FORTIFY_SOURCE=2 -g  -c find_exhaustive.cpp -o find_exhaustive.o
g++ -std=gnu++11 -I"/usr/local/lib/R/include" -DNDEBUG -I../inst/include/ -I'/usr/local/lib/R/site-library/Rcpp/include' -I'/usr/local/lib/R/site-library/RcppHNSW/include' -I/usr/local/include   -fpic  -g -O2 -fstack-protector-strong -Wformat -Werror=format-security -Wdate-time -D_FORTIFY_SOURCE=2 -g  -c find_hnsw.cpp -o find_hnsw.o
g++ -std=gnu++11 -I"/usr/local/lib/R/include" -DNDEBUG -I../inst/include/ -I'/usr/local/lib/R/site-library/Rcpp/include' -I'/usr/local/lib/R/site-library/RcppHNSW/include' -I/usr/local/include   -fpic  -g -O2 -fstack-protector-strong -Wformat -Werror=format-security -Wdate-time -D_FORTIFY_SOURCE=2 -g  -c find_kmknn.cpp -o find_kmknn.o
g++ -std=gnu++11 -I"/usr/local/lib/R/include" -DNDEBUG -I../inst/include/ -I'/usr/local/lib/R/site-library/Rcpp/include' -I'/usr/local/lib/R/site-library/RcppHNSW/include' -I/usr/local/include   -fpic  -g -O2 -fstack-protector-strong -Wformat -Werror=format-security -Wdate-time -D_FORTIFY_SOURCE=2 -g  -c find_mutual_nns.cpp -o find_mutual_nns.o
g++ -std=gnu++11 -I"/usr/local/lib/R/include" -DNDEBUG -I../inst/include/ -I'/usr/local/lib/R/site-library/Rcpp/include' -I'/usr/local/lib/R/site-library/RcppHNSW/include' -I/usr/local/include   -fpic  -g -O2 -fstack-protector-strong -Wformat -Werror=format-security -Wdate-time -D_FORTIFY_SOURCE=2 -g  -c find_vptree.cpp -o find_vptree.o
g++ -std=gnu++11 -I"/usr/local/lib/R/include" -DNDEBUG -I../inst/include/ -I'/usr/local/lib/R/site-library/Rcpp/include' -I'/usr/local/lib/R/site-library/RcppHNSW/include' -I/usr/local/include   -fpic  -g -O2 -fstack-protector-strong -Wformat -Werror=format-security -Wdate-time -D_FORTIFY_SOURCE=2 -g  -c hnsw.cpp -o hnsw.o
g++ -std=gnu++11 -I"/usr/local/lib/R/include" -DNDEBUG -I../inst/include/ -I'/usr/local/lib/R/site-library/Rcpp/include' -I'/usr/local/lib/R/site-library/RcppHNSW/include' -I/usr/local/include   -fpic  -g -O2 -fstack-protector-strong -Wformat -Werror=format-security -Wdate-time -D_FORTIFY_SOURCE=2 -g  -c kmknn.cpp -o kmknn.o
g++ -std=gnu++11 -I"/usr/local/lib/R/include" -DNDEBUG -I../inst/include/ -I'/usr/local/lib/R/site-library/Rcpp/include' -I'/usr/local/lib/R/site-library/RcppHNSW/include' -I/usr/local/include   -fpic  -g -O2 -fstack-protector-strong -Wformat -Werror=format-security -Wdate-time -D_FORTIFY_SOURCE=2 -g  -c query_annoy.cpp -o query_annoy.o
g++ -std=gnu++11 -I"/usr/local/lib/R/include" -DNDEBUG -I../inst/include/ -I'/usr/local/lib/R/site-library/Rcpp/include' -I'/usr/local/lib/R/site-library/RcppHNSW/include' -I/usr/local/include   -fpic  -g -O2 -fstack-protector-strong -Wformat -Werror=format-security -Wdate-time -D_FORTIFY_SOURCE=2 -g  -c query_exhaustive.cpp -o query_exhaustive.o
g++ -std=gnu++11 -I"/usr/local/lib/R/include" -DNDEBUG -I../inst/include/ -I'/usr/local/lib/R/site-library/Rcpp/include' -I'/usr/local/lib/R/site-library/RcppHNSW/include' -I/usr/local/include   -fpic  -g -O2 -fstack-protector-strong -Wformat -Werror=format-security -Wdate-time -D_FORTIFY_SOURCE=2 -g  -c query_hnsw.cpp -o query_hnsw.o
g++ -std=gnu++11 -I"/usr/local/lib/R/include" -DNDEBUG -I../inst/include/ -I'/usr/local/lib/R/site-library/Rcpp/include' -I'/usr/local/lib/R/site-library/RcppHNSW/include' -I/usr/local/include   -fpic  -g -O2 -fstack-protector-strong -Wformat -Werror=format-security -Wdate-time -D_FORTIFY_SOURCE=2 -g  -c query_kmknn.cpp -o query_kmknn.o
g++ -std=gnu++11 -I"/usr/local/lib/R/include" -DNDEBUG -I../inst/include/ -I'/usr/local/lib/R/site-library/Rcpp/include' -I'/usr/local/lib/R/site-library/RcppHNSW/include' -I/usr/local/include   -fpic  -g -O2 -fstack-protector-strong -Wformat -Werror=format-security -Wdate-time -D_FORTIFY_SOURCE=2 -g  -c query_vptree.cpp -o query_vptree.o
g++ -std=gnu++11 -I"/usr/local/lib/R/include" -DNDEBUG -I../inst/include/ -I'/usr/local/lib/R/site-library/Rcpp/include' -I'/usr/local/lib/R/site-library/RcppHNSW/include' -I/usr/local/include   -fpic  -g -O2 -fstack-protector-strong -Wformat -Werror=format-security -Wdate-time -D_FORTIFY_SOURCE=2 -g  -c utils.cpp -o utils.o
g++ -std=gnu++11 -I"/usr/local/lib/R/include" -DNDEBUG -I../inst/include/ -I'/usr/local/lib/R/site-library/Rcpp/include' -I'/usr/local/lib/R/site-library/RcppHNSW/include' -I/usr/local/include   -fpic  -g -O2 -fstack-protector-strong -Wformat -Werror=format-security -Wdate-time -D_FORTIFY_SOURCE=2 -g  -c vptree.cpp -o vptree.o
g++ -std=gnu++11 -shared -L/usr/local/lib/R/lib -L/usr/local/lib -o BiocNeighbors.so RcppExports.o annoy.o build_annoy.o build_hnsw.o build_vptree.o distances.o exhaustive.o find_annoy.o find_exhaustive.o find_hnsw.o find_kmknn.o find_mutual_nns.o find_vptree.o hnsw.o kmknn.o query_annoy.o query_exhaustive.o query_hnsw.o query_kmknn.o query_vptree.o utils.o vptree.o -L/usr/local/lib/R/lib -lR
[91minstalling to /usr/local/lib/R/site-library/00LOCK-BiocNeighbors/00new/BiocNeighbors/libs
[0m[91m** R
[0m[91m** inst
[0m[91m** byte-compile and prepare package for lazy loading
[0m[91m** help
[0m[91m*** installing help indices
[0m[91m** building package indices
[0m[91m** installing vignettes
[0m[91m** testing if installed package can be loaded from temporary location
[0m[91m** checking absolute paths in shared objects and dynamic libraries
[0m[91m** testing if installed package can be loaded from final location
[0m[91m** testing if installed package keeps a record of temporary installation path
[0m[91m* DONE (BiocNeighbors)
[0m[91m* installing *source* package ‘BiocSingular’ ...
[0m[91m** using staged installation
[0m[91m** libs
[0mg++ -std=gnu++11 -I"/usr/local/lib/R/include" -DNDEBUG  -I'/usr/local/lib/R/site-library/Rcpp/include' -I'/usr/local/lib/R/site-library/beachmat/include' -I/usr/local/include   -fpic  -g -O2 -fstack-protector-strong -Wformat -Werror=format-security -Wdate-time -D_FORTIFY_SOURCE=2 -g  -c RcppExports.cpp -o RcppExports.o
g++ -std=gnu++11 -I"/usr/local/lib/R/include" -DNDEBUG  -I'/usr/local/lib/R/site-library/Rcpp/include' -I'/usr/local/lib/R/site-library/beachmat/include' -I/usr/local/include   -fpic  -g -O2 -fstack-protector-strong -Wformat -Werror=format-security -Wdate-time -D_FORTIFY_SOURCE=2 -g  -c compute_scale.cpp -o compute_scale.o
g++ -std=gnu++11 -shared -L/usr/local/lib/R/lib -L/usr/local/lib -o BiocSingular.so RcppExports.o compute_scale.o -L/usr/local/lib/R/lib -lR
[91minstalling to /usr/local/lib/R/site-library/00LOCK-BiocSingular/00new/BiocSingular/libs
[0m[91m** R
[0m[91m** inst
[0m[91m** byte-compile and prepare package for lazy loading
[0mWarning: multiple methods tables found for ‘aperm’
[91m** help
[0m[91m*** installing help indices
[0m[91m** building package indices
[0m[91m** installing vignettes
[0m[91m** testing if installed package can be loaded from temporary location
[0mWarning: multiple methods tables found for ‘aperm’
[91m** checking absolute paths in shared objects and dynamic libraries
[0m[91m** testing if installed package can be loaded from final location
[0mWarning: multiple methods tables found for ‘aperm’
[91m** testing if installed package keeps a record of temporary installation path
[0m[91m* DONE (BiocSingular)
[0m[91m* installing *source* package ‘bluster’ ...
[0m[91m** using staged installation
[0m[91m** libs
[0mg++ -std=gnu++11 -I"/usr/local/lib/R/include" -DNDEBUG  -I'/usr/local/lib/R/site-library/Rcpp/include' -I/usr/local/include   -fpic  -g -O2 -fstack-protector-strong -Wformat -Werror=format-security -Wdate-time -D_FORTIFY_SOURCE=2 -g  -c RcppExports.cpp -o RcppExports.o
g++ -std=gnu++11 -I"/usr/local/lib/R/include" -DNDEBUG  -I'/usr/local/lib/R/site-library/Rcpp/include' -I/usr/local/include   -fpic  -g -O2 -fstack-protector-strong -Wformat -Werror=format-security -Wdate-time -D_FORTIFY_SOURCE=2 -g  -c build_snn.cpp -o build_snn.o
g++ -std=gnu++11 -I"/usr/local/lib/R/include" -DNDEBUG  -I'/usr/local/lib/R/site-library/Rcpp/include' -I/usr/local/include   -fpic  -g -O2 -fstack-protector-strong -Wformat -Werror=format-security -Wdate-time -D_FORTIFY_SOURCE=2 -g  -c sum_neighbor_weights.cpp -o sum_neighbor_weights.o
g++ -std=gnu++11 -shared -L/usr/local/lib/R/lib -L/usr/local/lib -o bluster.so RcppExports.o build_snn.o sum_neighbor_weights.o -L/usr/local/lib/R/lib -lR
[91minstalling to /usr/local/lib/R/site-library/00LOCK-bluster/00new/bluster/libs
[0m[91m** R
[0m[91m** inst
[0m[91m** byte-compile and prepare package for lazy loading
[0m[91m** help
[0m[91m*** installing help indices
[0m[91m** building package indices
[0m[91m** installing vignettes
[0m[91m** testing if installed package can be loaded from temporary location
[0m[91m** checking absolute paths in shared objects and dynamic libraries
[0m[91m** testing if installed package can be loaded from final location
[0m[91m** testing if installed package keeps a record of temporary installation path
[0m[91m* DONE (bluster)
[0m[91m* installing *source* package ‘scran’ ...
[0m[91m** using staged installation
[0m[91m** libs
[0mg++ -std=gnu++11 -I"/usr/local/lib/R/include" -DNDEBUG  -I'/usr/local/lib/R/site-library/Rcpp/include' -I'/usr/local/lib/R/site-library/beachmat/include' -I'/usr/local/lib/R/site-library/BH/include' -I'/usr/local/lib/R/site-library/dqrng/include' -I'/usr/local/lib/R/site-library/scuttle/include' -I/usr/local/include   -fpic  -g -O2 -fstack-protector-strong -Wformat -Werror=format-security -Wdate-time -D_FORTIFY_SOURCE=2 -g  -c RcppExports.cpp -o RcppExports.o
g++ -std=gnu++11 -I"/usr/local/lib/R/include" -DNDEBUG  -I'/usr/local/lib/R/site-library/Rcpp/include' -I'/usr/local/lib/R/site-library/beachmat/include' -I'/usr/local/lib/R/site-library/BH/include' -I'/usr/local/lib/R/site-library/dqrng/include' -I'/usr/local/lib/R/site-library/scuttle/include' -I/usr/local/include   -fpic  -g -O2 -fstack-protector-strong -Wformat -Werror=format-security -Wdate-time -D_FORTIFY_SOURCE=2 -g  -c choose_effect_size.cpp -o choose_effect_size.o
g++ -std=gnu++11 -I"/usr/local/lib/R/include" -DNDEBUG  -I'/usr/local/lib/R/site-library/Rcpp/include' -I'/usr/local/lib/R/site-library/beachmat/include' -I'/usr/local/lib/R/site-library/BH/include' -I'/usr/local/lib/R/site-library/dqrng/include' -I'/usr/local/lib/R/site-library/scuttle/include' -I/usr/local/include   -fpic  -g -O2 -fstack-protector-strong -Wformat -Werror=format-security -Wdate-time -D_FORTIFY_SOURCE=2 -g  -c combine_rho.cpp -o combine_rho.o
g++ -std=gnu++11 -I"/usr/local/lib/R/include" -DNDEBUG  -I'/usr/local/lib/R/site-library/Rcpp/include' -I'/usr/local/lib/R/site-library/beachmat/include' -I'/usr/local/lib/R/site-library/BH/include' -I'/usr/local/lib/R/site-library/dqrng/include' -I'/usr/local/lib/R/site-library/scuttle/include' -I/usr/local/include   -fpic  -g -O2 -fstack-protector-strong -Wformat -Werror=format-security -Wdate-time -D_FORTIFY_SOURCE=2 -g  -c compute_blocked_stats.cpp -o compute_blocked_stats.o
g++ -std=gnu++11 -I"/usr/local/lib/R/include" -DNDEBUG  -I'/usr/local/lib/R/site-library/Rcpp/include' -I'/usr/local/lib/R/site-library/beachmat/include' -I'/usr/local/lib/R/site-library/BH/include' -I'/usr/local/lib/R/site-library/dqrng/include' -I'/usr/local/lib/R/site-library/scuttle/include' -I/usr/local/include   -fpic  -g -O2 -fstack-protector-strong -Wformat -Werror=format-security -Wdate-time -D_FORTIFY_SOURCE=2 -g  -c compute_residual_stats.cpp -o compute_residual_stats.o
g++ -std=gnu++11 -I"/usr/local/lib/R/include" -DNDEBUG  -I'/usr/local/lib/R/site-library/Rcpp/include' -I'/usr/local/lib/R/site-library/beachmat/include' -I'/usr/local/lib/R/site-library/BH/include' -I'/usr/local/lib/R/site-library/dqrng/include' -I'/usr/local/lib/R/site-library/scuttle/include' -I/usr/local/include   -fpic  -g -O2 -fstack-protector-strong -Wformat -Werror=format-security -Wdate-time -D_FORTIFY_SOURCE=2 -g  -c compute_rho_null.cpp -o compute_rho_null.o
g++ -std=gnu++11 -I"/usr/local/lib/R/include" -DNDEBUG  -I'/usr/local/lib/R/site-library/Rcpp/include' -I'/usr/local/lib/R/site-library/beachmat/include' -I'/usr/local/lib/R/site-library/BH/include' -I'/usr/local/lib/R/site-library/dqrng/include' -I'/usr/local/lib/R/site-library/scuttle/include' -I/usr/local/include   -fpic  -g -O2 -fstack-protector-strong -Wformat -Werror=format-security -Wdate-time -D_FORTIFY_SOURCE=2 -g  -c cyclone_scores.cpp -o cyclone_scores.o
g++ -std=gnu++11 -I"/usr/local/lib/R/include" -DNDEBUG  -I'/usr/local/lib/R/site-library/Rcpp/include' -I'/usr/local/lib/R/site-library/beachmat/include' -I'/usr/local/lib/R/site-library/BH/include' -I'/usr/local/lib/R/site-library/dqrng/include' -I'/usr/local/lib/R/site-library/scuttle/include' -I/usr/local/include   -fpic  -g -O2 -fstack-protector-strong -Wformat -Werror=format-security -Wdate-time -D_FORTIFY_SOURCE=2 -g  -c overlap_exprs.cpp -o overlap_exprs.o
g++ -std=gnu++11 -I"/usr/local/lib/R/include" -DNDEBUG  -I'/usr/local/lib/R/site-library/Rcpp/include' -I'/usr/local/lib/R/site-library/beachmat/include' -I'/usr/local/lib/R/site-library/BH/include' -I'/usr/local/lib/R/site-library/dqrng/include' -I'/usr/local/lib/R/site-library/scuttle/include' -I/usr/local/include   -fpic  -g -O2 -fstack-protector-strong -Wformat -Werror=format-security -Wdate-time -D_FORTIFY_SOURCE=2 -g  -c rand_custom.cpp -o rand_custom.o
g++ -std=gnu++11 -shared -L/usr/local/lib/R/lib -L/usr/local/lib -o scran.so RcppExports.o choose_effect_size.o combine_rho.o compute_blocked_stats.o compute_residual_stats.o compute_rho_null.o cyclone_scores.o overlap_exprs.o rand_custom.o -llapack -lblas -lgfortran -lm -lquadmath -L/usr/local/lib/R/lib -lR
[91minstalling to /usr/local/lib/R/site-library/00LOCK-scran/00new/scran/libs
[0m[91m** R
[0m[91m** inst
[0m[91m** byte-compile and prepare package for lazy loading
[0mWarning messages:
1: multiple methods tables found for ‘aperm’ 
2: replacing previous import ‘BiocGenerics::aperm’ by ‘DelayedArray::aperm’ when loading ‘SummarizedExperiment’ 
[91m** help
[0m[91m*** installing help indices
[0m[91m** building package indices
[0m[91m** installing vignettes
[0m[91m** testing if installed package can be loaded from temporary location
[0mWarning: multiple methods tables found for ‘aperm’
Warning: replacing previous import ‘BiocGenerics::aperm’ by ‘DelayedArray::aperm’ when loading ‘SummarizedExperiment’
[91m** checking absolute paths in shared objects and dynamic libraries
[0m[91m** testing if installed package can be loaded from final location
[0mWarning: multiple methods tables found for ‘aperm’
Warning: replacing previous import ‘BiocGenerics::aperm’ by ‘DelayedArray::aperm’ when loading ‘SummarizedExperiment’
[91m** testing if installed package keeps a record of temporary installation path
[0m[91m* DONE (scran)
[0m[91m
The downloaded source packages are in
	‘/tmp/RtmpH3d4mH/downloaded_packages’
[0m[91mOld packages: 'bit', 'bslib', 'clue', 'ClusterR', 'data.table', 'future',
  'future.apply', 'globals', 'graphlayouts', 'gtools', 'jsonlite', 'littler',
  'Matrix', 'matrixStats', 'mixtools', 'openssl', 'pbapply', 'png',
  'rbibutils', 'RSQLite', 'sass', 'segmented', 'Seurat', 'SeuratObject', 'sp',
  'spatstat.random', 'stringr', 'XML', 'boot', 'cluster', 'foreign', 'MASS',
  'mgcv', 'nlme', 'nnet', 'rpart', 'survival'
Warning message:
package(s) not installed when version(s) same as or greater than current; use
  `force = TRUE` to re-install: 'scuttle' 
[0m> 
> 
Removing intermediate container 35ee3d5ab238
 ---> e95a5ffdf37a
Successfully built e95a5ffdf37a
